<?xml version="1.0" encoding="UTF-8"?>
<robot generator="Robot 7.2.2 (Python 3.13.3 on win32)" generated="2025-05-02T10:01:58.700585" rpa="false" schemaversion="5">
<suite id="s1" name="Amazon Tests" source="C:\Users\mateu.gobo\git\udemy\robot-framework\web-testing\amazon_tests.robot">
<test id="s1-t1" name="Caso de teste 01 - Acesso ao menu &quot;Eletrônicos&quot;" line="8">
<kw name="Abrir o navegador" owner="amazon_resources" type="SETUP">
<kw name="Open Browser" owner="SeleniumLibrary">
<msg time="2025-05-02T10:01:59.055031" level="INFO">Opening browser 'chrome' to base url 'None'.</msg>
<arg>browser=chrome</arg>
<doc>Opens a new browser instance to the optional ``url``.</doc>
<status status="PASS" start="2025-05-02T10:01:59.054867" elapsed="1.352190"/>
</kw>
<kw name="Maximize Browser Window" owner="SeleniumLibrary">
<doc>Maximizes current browser window.</doc>
<status status="PASS" start="2025-05-02T10:02:00.407346" elapsed="0.045553"/>
</kw>
<status status="PASS" start="2025-05-02T10:01:59.054340" elapsed="1.398774"/>
</kw>
<kw name="Acessar a home page do site Amazon.com.br" owner="amazon_resources">
<kw name="Go To" owner="SeleniumLibrary">
<msg time="2025-05-02T10:02:00.454881" level="INFO">Opening url 'https://www.amazon.com.br/'</msg>
<arg>url=${URL}</arg>
<doc>Navigates the current browser window to the provided ``url``.</doc>
<status status="PASS" start="2025-05-02T10:02:00.454594" elapsed="2.880899"/>
</kw>
<kw name="Wait Until Element Is Visible" owner="SeleniumLibrary">
<arg>${MENU_ELETRONICOS}</arg>
<doc>Waits until the element ``locator`` is visible.</doc>
<status status="PASS" start="2025-05-02T10:02:03.335755" elapsed="0.025395"/>
</kw>
<status status="PASS" start="2025-05-02T10:02:00.454106" elapsed="2.907164"/>
</kw>
<kw name="Entrar no menu &quot;Eletrônicos&quot;" owner="amazon_resources">
<kw name="Click Element" owner="SeleniumLibrary">
<msg time="2025-05-02T10:02:03.362073" level="INFO">Clicking element '//a[contains(text(),'Eletrônicos')]'.</msg>
<arg>${MENU_ELETRONICOS}</arg>
<doc>Click the element identified by ``locator``.</doc>
<status status="PASS" start="2025-05-02T10:02:03.361913" elapsed="2.071241"/>
</kw>
<status status="PASS" start="2025-05-02T10:02:03.361677" elapsed="2.071581"/>
</kw>
<kw name="Verificar se aparece a frase &quot;Eletrônicos e Tecnologia&quot;" owner="amazon_resources" source_name="Verificar se aparece a frase &quot;${TITULO}&quot;">
<kw name="Wait Until Page Contains" owner="SeleniumLibrary">
<arg>text=${TITULO}</arg>
<doc>Waits until ``text`` appears on the current page.</doc>
<status status="PASS" start="2025-05-02T10:02:05.434329" elapsed="0.027182"/>
</kw>
<kw name="Wait Until Element Is Visible" owner="SeleniumLibrary">
<arg>locator=//span[contains(text(),'Eletrônicos e Tecnologia')]</arg>
<doc>Waits until the element ``locator`` is visible.</doc>
<status status="PASS" start="2025-05-02T10:02:05.461694" elapsed="0.023670"/>
</kw>
<status status="PASS" start="2025-05-02T10:02:05.433830" elapsed="0.051645"/>
</kw>
<kw name="Verificar se o título da página fica &quot;Eletrônicos e Tecnologia | Amazon.com.br&quot;" owner="amazon_resources" source_name="Verificar se o título da página fica &quot;${FRASE}&quot;">
<kw name="Title Should Be" owner="SeleniumLibrary">
<msg time="2025-05-02T10:02:05.491586" level="INFO">Page title is 'Eletrônicos e Tecnologia | Amazon.com.br'.</msg>
<arg>title=${FRASE}</arg>
<doc>Verifies that the current page title equals ``title``.</doc>
<status status="PASS" start="2025-05-02T10:02:05.486105" elapsed="0.005568"/>
</kw>
<status status="PASS" start="2025-05-02T10:02:05.485848" elapsed="0.005902"/>
</kw>
<kw name="Verificar se aparece a categoria &quot;Computadores e Informática&quot;" owner="amazon_resources">
<kw name="Element Should Be Visible" owner="SeleniumLibrary">
<msg time="2025-05-02T10:02:05.517155" level="INFO">Element '//span[@class='a-size-base-plus'][normalize-space()='Computadores e Informática']' is displayed.</msg>
<arg>locator=${ITENS_INFORMATICA}</arg>
<doc>Verifies that the element identified by ``locator`` is visible.</doc>
<status status="PASS" start="2025-05-02T10:02:05.492318" elapsed="0.024922"/>
</kw>
<status status="PASS" start="2025-05-02T10:02:05.492108" elapsed="0.025210"/>
</kw>
<kw name="Fechar o navegador" owner="amazon_resources" type="TEARDOWN">
<kw name="Close Browser" owner="SeleniumLibrary">
<doc>Closes the current browser.</doc>
<status status="PASS" start="2025-05-02T10:02:05.517972" elapsed="2.272447"/>
</kw>
<status status="PASS" start="2025-05-02T10:02:05.517747" elapsed="2.272930"/>
</kw>
<doc>Este teste verifica o menu eletrônicos do site da Amazon.com.br
                e verifica a categoria Computadores e Informática</doc>
<tag>categorias</tag>
<tag>menus</tag>
<status status="PASS" start="2025-05-02T10:01:59.053040" elapsed="8.738295"/>
</test>
<doc>Essa suite testa o site da Amazon.com.br</doc>
<status status="PASS" start="2025-05-02T10:01:58.701665" elapsed="9.092066"/>
</suite>
<statistics>
<total>
<stat pass="1" fail="0" skip="0">All Tests</stat>
</total>
<tag>
<stat pass="1" fail="0" skip="0">categorias</stat>
<stat pass="1" fail="0" skip="0">menus</stat>
</tag>
<suite>
<stat name="Amazon Tests" id="s1" pass="1" fail="0" skip="0">Amazon Tests</stat>
</suite>
</statistics>
<errors>
</errors>
</robot>
